#
# A fatal error has been detected by the Java Runtime Environment:
#
#  EXCEPTION_ACCESS_VIOLATION (0xc0000005) at pc=0x6ff41e54, pid=4600, tid=4604
#
# JRE version: 6.0_37-b06
# Java VM: Java HotSpot(TM) Client VM (20.12-b01 mixed mode, sharing windows-x86 )
# Problematic frame:
# C  [Native.dll+0x1e54]
#
# If you would like to submit a bug report, please visit:
#   http://java.sun.com/webapps/bugreport/crash.jsp
# The crash happened outside the Java Virtual Machine in native code.
# See problematic frame for where to report the bug.
#

---------------  T H R E A D  ---------------

Current thread (0x015f9800):  JavaThread "main" [_thread_in_native, id=4604, stack(0x00310000,0x00360000)]

siginfo: ExceptionCode=0xc0000005, reading address 0x443b0000

Registers:
EAX=0x443b0000, EBX=0x33903d38, ECX=0x00000000, EDX=0x00000000
ESP=0x0035fa70, EBP=0x0035fae8, ESI=0x33903d38, EDI=0x015f9800
EIP=0x6ff41e54, EFLAGS=0x00010246

Top of Stack: (sp=0x0035fa70)
0x0035fa70:   00000008 00000000 0035faac 00000000
0x0035fa80:   00000000 015f6600 00000000 00000000
0x0035fa90:   0030a190 015fa288 00000000 ffffffff
0x0035faa0:   00000000 015fa228 00000007 00000001
0x0035fab0:   6ff43120 6ff468f8 0035fadc 6ff41e82
0x0035fac0:   0035fa70 015fa204 0173d1ed 015f9800
0x0035fad0:   14ceeeec 015f9800 0035fafc 33903d38
0x0035fae0:   33903d38 015f9800 0035fb08 6ff414f1 

Instructions: (pc=0x6ff41e54)
0x6ff41e34:   04 24 e8 55 3b 00 00 c7 04 24 08 00 00 00 c7 45
0x6ff41e44:   b4 ff ff ff ff e8 c2 19 00 00 89 45 a8 8b 45 08
0x6ff41e54:   8b 00 d9 45 10 d8 60 04 d9 5c 24 08 8b 45 08 8b
0x6ff41e64:   00 d9 45 0c d8 20 d9 5c 24 04 8b 45 a8 89 04 24 


Register to memory mapping:

EAX=0x443b0000 is an unknown value
EBX=0x33903d38 is an oop
{method} 
 - klass: {other class}
ECX=0x00000000 is an unknown value
EDX=0x00000000 is an unknown value
ESP=0x0035fa70 is pointing into the stack for thread: 0x015f9800
EBP=0x0035fae8 is pointing into the stack for thread: 0x015f9800
ESI=0x33903d38 is an oop
{method} 
 - klass: {other class}
EDI=0x015f9800 is a thread


Stack: [0x00310000,0x00360000],  sp=0x0035fa70,  free space=318k
Native frames: (J=compiled Java code, j=interpreted, Vv=VM code, C=native code)
C  [Native.dll+0x1e54]  Java_com_cpgd_arrowshooting3000_components_ScoreProxy_getScore+0x388
C  [Native.dll+0x14f1]  Java_com_cpgd_arrowshooting3000_components_ArrowProxy_getTouchRotation+0x25
j  com.cpgd.arrowshooting3000.components.ArrowProxy.getTouchRotation(FFFFJ)F+0
j  com.cpgd.arrowshooting3000.components.ArrowProxy.getTouchRotation(IIFF)F+12
j  com.cpgd.arrowshooting3000.states.GameplayState.update(Lorg/newdawn/slick/GameContainer;Lorg/newdawn/slick/state/StateBasedGame;I)V+189
j  org.newdawn.slick.state.StateBasedGame.update(Lorg/newdawn/slick/GameContainer;I)V+168
j  org.newdawn.slick.GameContainer.updateAndRender(I)V+190
j  org.newdawn.slick.AppGameContainer.gameLoop()V+33
j  org.newdawn.slick.AppGameContainer.start()V+17
j  com.cpgd.arrowshooting3000.ArrowShooting3000.main([Ljava/lang/String;)V+117
v  ~StubRoutines::call_stub
V  [jvm.dll+0xfb7cb]
V  [jvm.dll+0x18d3d1]
V  [jvm.dll+0xfb84d]
V  [jvm.dll+0x960f6]
V  [jvm.dll+0x9df33]
C  [javaw.exe+0x2155]
C  [javaw.exe+0x8614]
C  [kernel32.dll+0x4ed6c]  BaseThreadInitThunk+0x12
C  [ntdll.dll+0x6377b]  RtlInitializeExceptionChain+0xef
C  [ntdll.dll+0x6374e]  RtlInitializeExceptionChain+0xc2

Java frames: (J=compiled Java code, j=interpreted, Vv=VM code)
j  com.cpgd.arrowshooting3000.components.ArrowProxy.getTouchRotation(FFFFJ)F+0
j  com.cpgd.arrowshooting3000.components.ArrowProxy.getTouchRotation(IIFF)F+12
j  com.cpgd.arrowshooting3000.states.GameplayState.update(Lorg/newdawn/slick/GameContainer;Lorg/newdawn/slick/state/StateBasedGame;I)V+189
j  org.newdawn.slick.state.StateBasedGame.update(Lorg/newdawn/slick/GameContainer;I)V+168
j  org.newdawn.slick.GameContainer.updateAndRender(I)V+190
j  org.newdawn.slick.AppGameContainer.gameLoop()V+33
j  org.newdawn.slick.AppGameContainer.start()V+17
j  com.cpgd.arrowshooting3000.ArrowShooting3000.main([Ljava/lang/String;)V+117
v  ~StubRoutines::call_stub

---------------  P R O C E S S  ---------------

Java Threads: ( => current thread )
  0x03ac3800 JavaThread "AWT-Windows" daemon [_thread_in_native, id=4568, stack(0x06580000,0x065d0000)]
  0x03ac3000 JavaThread "AWT-Shutdown" [_thread_blocked, id=4836, stack(0x06520000,0x06570000)]
  0x03aaec00 JavaThread "Java2D Disposer" daemon [_thread_blocked, id=164, stack(0x064d0000,0x06520000)]
  0x01697800 JavaThread "Low Memory Detector" daemon [_thread_blocked, id=2288, stack(0x03990000,0x039e0000)]
  0x0167b400 JavaThread "C1 CompilerThread0" daemon [_thread_blocked, id=1076, stack(0x03940000,0x03990000)]
  0x01678800 JavaThread "Attach Listener" daemon [_thread_blocked, id=4652, stack(0x038f0000,0x03940000)]
  0x01677800 JavaThread "Signal Dispatcher" daemon [_thread_blocked, id=3952, stack(0x038a0000,0x038f0000)]
  0x01671000 JavaThread "Finalizer" daemon [_thread_blocked, id=2948, stack(0x03850000,0x038a0000)]
  0x0166bc00 JavaThread "Reference Handler" daemon [_thread_blocked, id=5084, stack(0x03800000,0x03850000)]
=>0x015f9800 JavaThread "main" [_thread_in_native, id=4604, stack(0x00310000,0x00360000)]

Other Threads:
  0x01630000 VMThread [stack: 0x037b0000,0x03800000] [id=2832]
  0x016a8400 WatcherThread [stack: 0x039e0000,0x03a30000] [id=3092]

VM state:not at safepoint (normal execution)

VM Mutex/Monitor currently owned by a thread: None

Heap
 def new generation   total 4928K, used 3591K [0x236e0000, 0x23c30000, 0x28c30000)
  eden space 4416K,  71% used [0x236e0000, 0x239f4aa0, 0x23b30000)
  from space 512K,  85% used [0x23bb0000, 0x23c1d2c0, 0x23c30000)
  to   space 512K,   0% used [0x23b30000, 0x23b30000, 0x23bb0000)
 tenured generation   total 10944K, used 1142K [0x28c30000, 0x296e0000, 0x336e0000)
   the space 10944K,  10% used [0x28c30000, 0x28d4daf8, 0x28d4dc00, 0x296e0000)
 compacting perm gen  total 12288K, used 2194K [0x336e0000, 0x342e0000, 0x376e0000)
   the space 12288K,  17% used [0x336e0000, 0x33904a50, 0x33904c00, 0x342e0000)
    ro space 10240K,  51% used [0x376e0000, 0x37c10500, 0x37c10600, 0x380e0000)
    rw space 12288K,  55% used [0x380e0000, 0x3877bd40, 0x3877be00, 0x38ce0000)

Code Cache  [0x01700000, 0x017f0000, 0x03700000)
 total_blobs=462 nmethods=210 adapters=188 free_code_cache=32587776 largest_free_block=0

Dynamic libraries:
0x00400000 - 0x00425000 	C:\Program Files\Java\jre6\bin\javaw.exe
0x77190000 - 0x772cc000 	C:\Windows\SYSTEM32\ntdll.dll
0x75990000 - 0x75a64000 	C:\Windows\system32\kernel32.dll
0x75520000 - 0x7556b000 	C:\Windows\system32\KERNELBASE.dll
0x76f30000 - 0x76fd0000 	C:\Windows\system32\ADVAPI32.dll
0x756c0000 - 0x7576c000 	C:\Windows\system32\msvcrt.dll
0x76780000 - 0x76799000 	C:\Windows\SYSTEM32\sechost.dll
0x766c0000 - 0x76761000 	C:\Windows\system32\RPCRT4.dll
0x76800000 - 0x768c9000 	C:\Windows\system32\USER32.dll
0x75820000 - 0x7586e000 	C:\Windows\system32\GDI32.dll
0x76b00000 - 0x76b0a000 	C:\Windows\system32\LPK.dll
0x75620000 - 0x756bd000 	C:\Windows\system32\USP10.dll
0x77320000 - 0x7733f000 	C:\Windows\system32\IMM32.DLL
0x76e60000 - 0x76f2c000 	C:\Windows\system32\MSCTF.dll
0x7c340000 - 0x7c396000 	C:\Program Files\Java\jre6\bin\msvcr71.dll
0x6d7f0000 - 0x6daa0000 	C:\Program Files\Java\jre6\bin\client\jvm.dll
0x738d0000 - 0x73902000 	C:\Windows\system32\WINMM.dll
0x75250000 - 0x7529c000 	C:\Windows\system32\apphelp.dll
0x6d7a0000 - 0x6d7ac000 	C:\Program Files\Java\jre6\bin\verify.dll
0x6d320000 - 0x6d33f000 	C:\Program Files\Java\jre6\bin\java.dll
0x6d7e0000 - 0x6d7ef000 	C:\Program Files\Java\jre6\bin\zip.dll
0x6ff40000 - 0x6ff53000 	C:\Users\Magdalena\Documents\Magdalena\CP\git\CPGD\Slick-Engine\lwjgl-2.8.5\native\windows\ArrowShooting3000\Native.dll
0x10000000 - 0x1004c000 	C:\Users\Magdalena\Documents\Magdalena\CP\git\CPGD\Slick-Engine\lwjgl-2.8.5\native\windows\lwjgl.dll
0x65600000 - 0x656c8000 	C:\Windows\system32\OPENGL32.dll
0x70e10000 - 0x70e32000 	C:\Windows\system32\GLU32.dll
0x64190000 - 0x64277000 	C:\Windows\system32\DDRAW.dll
0x73450000 - 0x73456000 	C:\Windows\system32\DCIMAN32.dll
0x76ba0000 - 0x76d3d000 	C:\Windows\system32\SETUPAPI.dll
0x753a0000 - 0x753c7000 	C:\Windows\system32\CFGMGR32.dll
0x76a70000 - 0x76aff000 	C:\Windows\system32\OLEAUT32.dll
0x76910000 - 0x76a6c000 	C:\Windows\system32\ole32.dll
0x75600000 - 0x75612000 	C:\Windows\system32\DEVOBJ.dll
0x73d10000 - 0x73d23000 	C:\Windows\system32\dwmapi.dll
0x74820000 - 0x74829000 	C:\Windows\system32\VERSION.dll
0x74380000 - 0x7451e000 	C:\Windows\WinSxS\x86_microsoft.windows.common-controls_6595b64144ccf1df_6.0.7601.17514_none_41e6975e2bd6f2b2\COMCTL32.dll
0x757c0000 - 0x75817000 	C:\Windows\system32\SHLWAPI.dll
0x74200000 - 0x74240000 	C:\Windows\system32\uxtheme.dll
0x69030000 - 0x69b89000 	C:\Windows\system32\atioglxx.dll
0x768d0000 - 0x76905000 	C:\Windows\system32\WS2_32.dll
0x75780000 - 0x75786000 	C:\Windows\system32\NSI.dll
0x03d90000 - 0x03dbd000 	C:\Windows\system32\atiadlxx.dll
0x754f0000 - 0x7551d000 	C:\Windows\system32\WINTRUST.dll
0x753d0000 - 0x754ee000 	C:\Windows\system32\CRYPT32.dll
0x75390000 - 0x7539c000 	C:\Windows\system32\MSASN1.dll
0x752a0000 - 0x752ac000 	C:\Windows\system32\CRYPTBASE.dll
0x6bdf0000 - 0x6be69000 	C:\Windows\system32\mscms.dll
0x74980000 - 0x74997000 	C:\Windows\system32\USERENV.dll
0x75320000 - 0x7532b000 	C:\Windows\system32\profapi.dll
0x6c920000 - 0x6c958000 	C:\Windows\system32\icm32.dll
0x6d000000 - 0x6d14c000 	C:\Program Files\Java\jre6\bin\awt.dll
0x71500000 - 0x71551000 	C:\Windows\system32\WINSPOOL.DRV
0x04ec0000 - 0x04ed3000 	C:\Users\Magdalena\Documents\Magdalena\CP\git\CPGD\Slick-Engine\lwjgl-2.8.5\native\windows\jinput-dx8.dll
0x6ae40000 - 0x6ae70000 	C:\Windows\system32\DINPUT8.dll
0x73e20000 - 0x73e29000 	C:\Windows\system32\HID.DLL
0x74da0000 - 0x74db6000 	C:\Windows\system32\CRYPTSP.dll
0x74b40000 - 0x74b7b000 	C:\Windows\system32\rsaenh.dll
0x6d600000 - 0x6d613000 	C:\Program Files\Java\jre6\bin\net.dll
0x74d60000 - 0x74d9c000 	C:\Windows\system32\mswsock.dll
0x74d50000 - 0x74d56000 	C:\Windows\System32\wship6.dll
0x73730000 - 0x73740000 	C:\Windows\system32\NLAapi.dll
0x6bab0000 - 0x6bac0000 	C:\Windows\system32\napinsp.dll
0x6b860000 - 0x6b872000 	C:\Windows\system32\pnrpnsp.dll
0x74c20000 - 0x74c64000 	C:\Windows\system32\DNSAPI.dll
0x6b850000 - 0x6b858000 	C:\Windows\System32\winrnr.dll
0x748b0000 - 0x748b5000 	C:\Windows\System32\wshtcpip.dll
0x73000000 - 0x7301c000 	C:\Windows\system32\IPHLPAPI.DLL
0x72ff0000 - 0x72ff7000 	C:\Windows\system32\WINNSI.DLL
0x712d0000 - 0x712d6000 	C:\Windows\system32\rasadhlp.dll
0x72aa0000 - 0x72ad8000 	C:\Windows\System32\fwpuclnt.dll
0x6d230000 - 0x6d27f000 	C:\Program Files\Java\jre6\bin\fontmanager.dll
0x5aef0000 - 0x5b0b3000 	C:\Windows\system32\d3d9.dll
0x73380000 - 0x73386000 	C:\Windows\system32\d3d8thk.dll
0x617d0000 - 0x61acd000 	C:\Windows\system32\atiumdag.dll
0x5ac10000 - 0x5aee4000 	C:\Windows\system32\atiumdva.dll
0x76770000 - 0x76775000 	C:\Windows\system32\PSAPI.DLL

VM Arguments:
jvm_args: -Djava.library.path=C:\Users\Magdalena\Documents\Magdalena\CP\git\CPGD\Slick-Engine\lwjgl-2.8.5\native\windows -Dfile.encoding=Cp1252 
java_command: com.cpgd.arrowshooting3000.ArrowShooting3000
Launcher Type: SUN_STANDARD

Environment Variables:
JAVA_HOME=C:\Program Files\Java\jdk1.6.0_20
CLASSPATH=.;C:\Program Files\Java\jre6\lib\ext\QTJava.zip
PATH=C:/Program Files/Java/jre6/bin/client;C:/Program Files/Java/jre6/bin;C:\Program Files\MiKTeX 2.8\miktex\bin;C:\Windows\system32;C:\Windows;C:\Windows\System32\Wbem;C:\Windows\System32\WindowsPowerShell\v1.0\;C:\Program Files\ATI Technologies\ATI.ACE\Core-Static;C:\Program Files\QuickTime\QTSystem\
USERNAME=Magdalena
OS=Windows_NT
PROCESSOR_IDENTIFIER=x86 Family 6 Model 23 Stepping 6, GenuineIntel



---------------  S Y S T E M  ---------------

OS: Windows 7 Build 7601 Service Pack 1

CPU:total 2 (2 cores per cpu, 1 threads per core) family 6 model 23 stepping 6, cmov, cx8, fxsr, mmx, sse, sse2, sse3, ssse3, sse4.1

Memory: 4k page, physical 3140460k(1397932k free), swap 6279168k(4182236k free)

vm_info: Java HotSpot(TM) Client VM (20.12-b01) for windows-x86 JRE (1.6.0_37-b06), built on Sep 24 2012 12:44:35 by "java_re" with MS VC++ 7.1 (VS2003)

time: Fri Jan 11 12:50:01 2013
elapsed time: 1 seconds

