Build started 14.12.2012 18:56:54.
     1>Project "F:\_Backup_FH_2012-12-14\Master\Semester III\CPGD\project\preproduction\JNIExamples\JNIExample2\JNIExample2\JNIExample2.vcxproj" on node 2 (build target(s)).
     1>InitializeBuildStatus:
         Touching "x64\Debug\JNIExample2.unsuccessfulbuild".
       ClCompile:
         All outputs are up-to-date.
         All outputs are up-to-date.
         C:\Program Files\Microsoft Visual Studio 10.0\VC\bin\x86_amd64\CL.exe /c /Zi /nologo /W3 /WX- /Od /D WIN32 /D _DEBUG /D _WINDOWS /D _USRDLL /D JNIEXAMPLE2_EXPORTS /D _WINDLL /D _UNICODE /D UNICODE /Gm /EHsc /RTC1 /MDd /GS /fp:precise /Zc:wchar_t /Zc:forScope /Yu"StdAfx.h" /Fp"x64\Debug\JNIExample2.pch" /Fo"x64\Debug\\" /Fd"x64\Debug\vc100.pdb" /Gd /TP /errorReport:prompt player.cpp
         player.cpp
       ManifestResourceCompile:
         C:\Program Files\Microsoft SDKs\Windows\v7.0A\bin\rc.exe /nologo /fo"x64\Debug\JNIExample2.dll.embed.manifest.res" x64\Debug\JNIExample2_manifest.rc 
       Link:
         C:\Program Files\Microsoft Visual Studio 10.0\VC\bin\x86_amd64\link.exe /ERRORREPORT:PROMPT /OUT:"F:\_Backup_FH_2012-12-14\Master\Semester III\CPGD\project\preproduction\JNIExamples\JNIExample2\x64\Debug\JNIExample2.dll" /INCREMENTAL /NOLOGO kernel32.lib user32.lib gdi32.lib winspool.lib comdlg32.lib advapi32.lib shell32.lib ole32.lib oleaut32.lib uuid.lib odbc32.lib odbccp32.lib /MANIFEST /ManifestFile:"x64\Debug\JNIExample2.dll.intermediate.manifest" /MANIFESTUAC:"level='asInvoker' uiAccess='false'" /DEBUG /PDB:"F:\_Backup_FH_2012-12-14\Master\Semester III\CPGD\project\preproduction\JNIExamples\JNIExample2\x64\Debug\JNIExample2.pdb" /SUBSYSTEM:WINDOWS /TLBID:1 /DYNAMICBASE /NXCOMPAT /IMPLIB:"F:\_Backup_FH_2012-12-14\Master\Semester III\CPGD\project\preproduction\JNIExamples\JNIExample2\x64\Debug\JNIExample2.lib" /MACHINE:X64 /DLL x64\Debug\JNIExample2.dll.embed.manifest.res
         x64\Debug\dllmain.obj
         x64\Debug\JNIExample2.obj
         x64\Debug\player.obj
         x64\Debug\stdafx.obj
            Creating library F:\_Backup_FH_2012-12-14\Master\Semester III\CPGD\project\preproduction\JNIExamples\JNIExample2\x64\Debug\JNIExample2.lib and object F:\_Backup_FH_2012-12-14\Master\Semester III\CPGD\project\preproduction\JNIExamples\JNIExample2\x64\Debug\JNIExample2.exp
         JNIExample2.vcxproj -> F:\_Backup_FH_2012-12-14\Master\Semester III\CPGD\project\preproduction\JNIExamples\JNIExample2\x64\Debug\JNIExample2.dll
       Manifest:
         C:\Program Files\Microsoft SDKs\Windows\v7.0A\bin\mt.exe /nologo /verbose /out:"x64\Debug\JNIExample2.dll.embed.manifest" /manifest x64\Debug\JNIExample2.dll.intermediate.manifest
         All outputs are up-to-date.
       LinkEmbedManifest:
         All outputs are up-to-date.
         JNIExample2.vcxproj -> F:\_Backup_FH_2012-12-14\Master\Semester III\CPGD\project\preproduction\JNIExamples\JNIExample2\x64\Debug\JNIExample2.dll
       FinalizeBuildStatus:
         Deleting file "x64\Debug\JNIExample2.unsuccessfulbuild".
         Touching "x64\Debug\JNIExample2.lastbuildstate".
     1>Done Building Project "F:\_Backup_FH_2012-12-14\Master\Semester III\CPGD\project\preproduction\JNIExamples\JNIExample2\JNIExample2\JNIExample2.vcxproj" (build target(s)).

Build succeeded.

Time Elapsed 00:00:09.40
