Build started 10.12.2012 20:27:35.
     1>Project "F:\FH\Master\Semester III\CPGD\project\preproduction\JNIExamples\JNIExample2\JNIExample2\JNIExample2.vcxproj" on node 2 (build target(s)).
     1>InitializeBuildStatus:
         Touching "Debug\JNIExample2.unsuccessfulbuild".
       ClCompile:
         All outputs are up-to-date.
         F:\Programme\Visual Studio 2010\VC\bin\CL.exe /c /ZI /nologo /W3 /WX- /Od /Oy- /D WIN32 /D _DEBUG /D _WINDOWS /D _USRDLL /D JNIEXAMPLE2_EXPORTS /D _WINDLL /D _UNICODE /D UNICODE /Gm /EHsc /RTC1 /MDd /GS /fp:precise /Zc:wchar_t /Zc:forScope /Fo"Debug\\" /Fd"Debug\vc100.pdb" /Gd /TP /analyze- /errorReport:prompt dllmain.cpp
         dllmain.cpp
         F:\Programme\Visual Studio 2010\VC\bin\CL.exe /c /ZI /nologo /W3 /WX- /Od /Oy- /D WIN32 /D _DEBUG /D _WINDOWS /D _USRDLL /D JNIEXAMPLE2_EXPORTS /D _WINDLL /D _UNICODE /D UNICODE /Gm /EHsc /RTC1 /MDd /GS /fp:precise /Zc:wchar_t /Zc:forScope /Yu"StdAfx.h" /Fp"Debug\JNIExample2.pch" /Fo"Debug\\" /Fd"Debug\vc100.pdb" /Gd /TP /analyze- /errorReport:prompt JNIExample2.cpp
         JNIExample2.cpp
       ManifestResourceCompile:
         C:\Program Files (x86)\Microsoft SDKs\Windows\v7.0A\bin\rc.exe /nologo /fo"Debug\JNIExample2.dll.embed.manifest.res" Debug\JNIExample2_manifest.rc 
       Link:
         F:\Programme\Visual Studio 2010\VC\bin\link.exe /ERRORREPORT:PROMPT /OUT:"F:\FH\Master\Semester III\CPGD\project\preproduction\JNIExamples\JNIExample2\Debug\JNIExample2.dll" /INCREMENTAL /NOLOGO kernel32.lib user32.lib gdi32.lib winspool.lib comdlg32.lib advapi32.lib shell32.lib ole32.lib oleaut32.lib uuid.lib odbc32.lib odbccp32.lib /MANIFEST /ManifestFile:"Debug\JNIExample2.dll.intermediate.manifest" /MANIFESTUAC:"level='asInvoker' uiAccess='false'" /DEBUG /PDB:"F:\FH\Master\Semester III\CPGD\project\preproduction\JNIExamples\JNIExample2\Debug\JNIExample2.pdb" /SUBSYSTEM:WINDOWS /TLBID:1 /DYNAMICBASE /NXCOMPAT /IMPLIB:"F:\FH\Master\Semester III\CPGD\project\preproduction\JNIExamples\JNIExample2\Debug\JNIExample2.lib" /MACHINE:X86 /DLL Debug\JNIExample2.dll.embed.manifest.res
         Debug\dllmain.obj
         Debug\JNIExample2.obj
         Debug\stdafx.obj
            Creating library F:\FH\Master\Semester III\CPGD\project\preproduction\JNIExamples\JNIExample2\Debug\JNIExample2.lib and object F:\FH\Master\Semester III\CPGD\project\preproduction\JNIExamples\JNIExample2\Debug\JNIExample2.exp
       Manifest:
         C:\Program Files (x86)\Microsoft SDKs\Windows\v7.0A\bin\mt.exe /nologo /verbose /out:"Debug\JNIExample2.dll.embed.manifest" /manifest Debug\JNIExample2.dll.intermediate.manifest
         C:\Program Files (x86)\Microsoft SDKs\Windows\v7.0A\bin\rc.exe /nologo /fo"Debug\JNIExample2.dll.embed.manifest.res" Debug\JNIExample2_manifest.rc 
       LinkEmbedManifest:
         F:\Programme\Visual Studio 2010\VC\bin\link.exe /ERRORREPORT:PROMPT /OUT:"F:\FH\Master\Semester III\CPGD\project\preproduction\JNIExamples\JNIExample2\Debug\JNIExample2.dll" /INCREMENTAL /NOLOGO kernel32.lib user32.lib gdi32.lib winspool.lib comdlg32.lib advapi32.lib shell32.lib ole32.lib oleaut32.lib uuid.lib odbc32.lib odbccp32.lib /MANIFEST /ManifestFile:"Debug\JNIExample2.dll.intermediate.manifest" /MANIFESTUAC:"level='asInvoker' uiAccess='false'" /DEBUG /PDB:"F:\FH\Master\Semester III\CPGD\project\preproduction\JNIExamples\JNIExample2\Debug\JNIExample2.pdb" /SUBSYSTEM:WINDOWS /TLBID:1 /DYNAMICBASE /NXCOMPAT /IMPLIB:"F:\FH\Master\Semester III\CPGD\project\preproduction\JNIExamples\JNIExample2\Debug\JNIExample2.lib" /MACHINE:X86 /DLL Debug\JNIExample2.dll.embed.manifest.res
         Debug\dllmain.obj
         Debug\JNIExample2.obj
         Debug\stdafx.obj
            Creating library F:\FH\Master\Semester III\CPGD\project\preproduction\JNIExamples\JNIExample2\Debug\JNIExample2.lib and object F:\FH\Master\Semester III\CPGD\project\preproduction\JNIExamples\JNIExample2\Debug\JNIExample2.exp
         JNIExample2.vcxproj -> F:\FH\Master\Semester III\CPGD\project\preproduction\JNIExamples\JNIExample2\Debug\JNIExample2.dll
       FinalizeBuildStatus:
         Deleting file "Debug\JNIExample2.unsuccessfulbuild".
         Touching "Debug\JNIExample2.lastbuildstate".
     1>Done Building Project "F:\FH\Master\Semester III\CPGD\project\preproduction\JNIExamples\JNIExample2\JNIExample2\JNIExample2.vcxproj" (build target(s)).

Build succeeded.

Time Elapsed 00:00:02.07
